<?xml version="1.0" encoding="utf-8"?><testsuites><testsuite name="pytest" errors="0" failures="0" skipped="0" tests="10" time="8.909" timestamp="2025-01-13T05:45:39.837910+08:00" hostname="LAPTOP-J37HMBJ3"><testcase classname="tests.integration_tests.test_integration_translation" name="test_model_loading" time="0.081" /><testcase classname="tests.integration_tests.test_integration_translation" name="test_user_registration" time="0.968" /><testcase classname="tests.integration_tests.test_integration_translation" name="test_translation_and_saving" time="0.324" /><testcase classname="tests.integration_tests.test_integration_translation" name="test_unauthorized_access" time="0.055" /><testcase classname="tests.integration_tests.test_integration_translation" name="test_full_translation_flow" time="4.725" /><testcase classname="tests.unit_tests.test_unit_translation" name="test_tokenizer_behavior" time="0.022" /><testcase classname="tests.unit_tests.test_unit_translation" name="test_simple_translation" time="0.511" /><testcase classname="tests.unit_tests.test_unit_translation" name="test_mixed_translation" time="0.436" /><testcase classname="tests.unit_tests.test_unit_translation" name="test_empty_input" time="0.004" /><testcase classname="tests.unit_tests.test_unit_translation" name="test_invalid_input" time="0.452" /></testsuite></testsuites>